Task2_Navigation/app/build/intermediates/manifest_merge_blame_file/debug/manifest-merger-blame-debug-report.txt
1<?xml version="1.0" encoding="utf-8"?>
2<manifest xmlns:android="http://schemas.android.com/apk/res/android"
3    package="com.labs.task2_navigation"
4    android:versionCode="1"
5    android:versionName="1.0" >
6
7    <uses-sdk
8        android:minSdkVersion="28"
8-->src/main/AndroidManifest.xml
9        android:targetSdkVersion="31" />
9-->src/main/AndroidManifest.xml
10
11    <uses-permission android:name="android.permission.REORDER_TASKS" />
11-->[androidx.fragment:fragment-testing:1.3.6] AndroidManifest.xml:25:5-72
11-->[androidx.fragment:fragment-testing:1.3.6] AndroidManifest.xml:25:22-69
12
13    <queries>
13-->[androidx.test:runner:1.4.0] AndroidManifest.xml:24:5-28:15
14        <package android:name="androidx.test.orchestrator" />
14-->[androidx.test:runner:1.4.0] AndroidManifest.xml:25:9-62
14-->[androidx.test:runner:1.4.0] AndroidManifest.xml:25:18-59
15        <package android:name="androidx.test.services" />
15-->[androidx.test:runner:1.4.0] AndroidManifest.xml:26:9-58
15-->[androidx.test:runner:1.4.0] AndroidManifest.xml:26:18-55
16        <package android:name="com.google.android.apps.common.testing.services" />
16-->[androidx.test:runner:1.4.0] AndroidManifest.xml:27:9-83
16-->[androidx.test:runner:1.4.0] AndroidManifest.xml:27:18-80
17    </queries>
18
19    <application
19-->src/main/AndroidManifest.xml:5:5-32:19
20        android:allowBackup="true"
20-->src/main/AndroidManifest.xml:6:9-35
21        android:appComponentFactory="androidx.core.app.CoreComponentFactory"
21-->[androidx.core:core:1.6.0] AndroidManifest.xml:24:18-86
22        android:debuggable="true"
23        android:extractNativeLibs="false"
24        android:icon="@mipmap/ic_launcher"
24-->src/main/AndroidManifest.xml:7:9-43
25        android:label="@string/app_name"
25-->src/main/AndroidManifest.xml:8:9-41
26        android:roundIcon="@mipmap/ic_launcher_round"
26-->src/main/AndroidManifest.xml:9:9-54
27        android:supportsRtl="true"
27-->src/main/AndroidManifest.xml:10:9-35
28        android:testOnly="true"
29        android:theme="@style/Theme.Task2_Navigation" >
29-->src/main/AndroidManifest.xml:11:9-54
30        <activity
30-->src/main/AndroidManifest.xml:12:9-14:39
31            android:name="com.labs.task2_navigation.AboutActivity"
31-->src/main/AndroidManifest.xml:13:13-42
32            android:exported="true" />
32-->src/main/AndroidManifest.xml:14:13-36
33        <activity
33-->src/main/AndroidManifest.xml:15:9-18:39
34            android:name="com.labs.task2_navigation.ThirdActivity"
34-->src/main/AndroidManifest.xml:16:13-42
35            android:exported="true"
35-->src/main/AndroidManifest.xml:18:13-36
36            android:parentActivityName="com.labs.task2_navigation.SecondActivity" />
36-->src/main/AndroidManifest.xml:17:13-57
37        <activity
37-->src/main/AndroidManifest.xml:19:9-22:39
38            android:name="com.labs.task2_navigation.SecondActivity"
38-->src/main/AndroidManifest.xml:20:13-43
39            android:exported="true"
39-->src/main/AndroidManifest.xml:22:13-36
40            android:parentActivityName="com.labs.task2_navigation.MainActivity" />
40-->src/main/AndroidManifest.xml:21:13-55
41        <activity
41-->src/main/AndroidManifest.xml:23:9-31:20
42            android:name="com.labs.task2_navigation.MainActivity"
42-->src/main/AndroidManifest.xml:24:13-41
43            android:exported="true" >
43-->src/main/AndroidManifest.xml:25:13-36
44            <intent-filter>
44-->src/main/AndroidManifest.xml:26:13-30:29
45                <action android:name="android.intent.action.MAIN" />
45-->src/main/AndroidManifest.xml:27:17-69
45-->src/main/AndroidManifest.xml:27:25-66
46
47                <category android:name="android.intent.category.LAUNCHER" />
47-->src/main/AndroidManifest.xml:29:17-77
47-->src/main/AndroidManifest.xml:29:27-74
48            </intent-filter>
49        </activity>
50        <activity
50-->[androidx.fragment:fragment-testing:1.3.6] AndroidManifest.xml:28:9-37:20
51            android:name="androidx.fragment.app.testing.FragmentScenario$EmptyFragmentActivity"
51-->[androidx.fragment:fragment-testing:1.3.6] AndroidManifest.xml:29:13-96
52            android:exported="true"
52-->[androidx.fragment:fragment-testing:1.3.6] AndroidManifest.xml:30:13-36
53            android:multiprocess="true"
53-->[androidx.fragment:fragment-testing:1.3.6] AndroidManifest.xml:31:13-40
54            android:taskAffinity=""
54-->[androidx.fragment:fragment-testing:1.3.6] AndroidManifest.xml:32:13-36
55            android:theme="@style/FragmentScenarioEmptyFragmentActivityTheme" >
55-->[androidx.fragment:fragment-testing:1.3.6] AndroidManifest.xml:33:13-78
56            <intent-filter>
56-->[androidx.fragment:fragment-testing:1.3.6] AndroidManifest.xml:34:13-36:29
57                <action android:name="android.intent.action.MAIN" />
57-->src/main/AndroidManifest.xml:27:17-69
57-->src/main/AndroidManifest.xml:27:25-66
58            </intent-filter>
59        </activity>
60        <activity
60-->[androidx.test:core:1.4.0] AndroidManifest.xml:27:9-34:20
61            android:name="androidx.test.core.app.InstrumentationActivityInvoker$BootstrapActivity"
61-->[androidx.test:core:1.4.0] AndroidManifest.xml:28:13-99
62            android:exported="true"
62-->[androidx.test:core:1.4.0] AndroidManifest.xml:29:13-36
63            android:theme="@android:style/Theme" >
63-->[androidx.test:core:1.4.0] AndroidManifest.xml:30:13-49
64            <intent-filter>
64-->[androidx.fragment:fragment-testing:1.3.6] AndroidManifest.xml:34:13-36:29
65                <action android:name="android.intent.action.MAIN" />
65-->src/main/AndroidManifest.xml:27:17-69
65-->src/main/AndroidManifest.xml:27:25-66
66            </intent-filter>
67        </activity>
68        <activity
68-->[androidx.test:core:1.4.0] AndroidManifest.xml:35:9-42:20
69            android:name="androidx.test.core.app.InstrumentationActivityInvoker$EmptyActivity"
69-->[androidx.test:core:1.4.0] AndroidManifest.xml:36:13-95
70            android:exported="true"
70-->[androidx.test:core:1.4.0] AndroidManifest.xml:37:13-36
71            android:theme="@android:style/Theme" >
71-->[androidx.test:core:1.4.0] AndroidManifest.xml:38:13-49
72            <intent-filter>
72-->[androidx.fragment:fragment-testing:1.3.6] AndroidManifest.xml:34:13-36:29
73                <action android:name="android.intent.action.MAIN" />
73-->src/main/AndroidManifest.xml:27:17-69
73-->src/main/AndroidManifest.xml:27:25-66
74            </intent-filter>
75        </activity>
76        <activity
76-->[androidx.test:core:1.4.0] AndroidManifest.xml:43:9-50:20
77            android:name="androidx.test.core.app.InstrumentationActivityInvoker$EmptyFloatingActivity"
77-->[androidx.test:core:1.4.0] AndroidManifest.xml:44:13-103
78            android:exported="true"
78-->[androidx.test:core:1.4.0] AndroidManifest.xml:45:13-36
79            android:theme="@android:style/Theme.Dialog" >
79-->[androidx.test:core:1.4.0] AndroidManifest.xml:46:13-56
80            <intent-filter>
80-->[androidx.fragment:fragment-testing:1.3.6] AndroidManifest.xml:34:13-36:29
81                <action android:name="android.intent.action.MAIN" />
81-->src/main/AndroidManifest.xml:27:17-69
81-->src/main/AndroidManifest.xml:27:25-66
82            </intent-filter>
83        </activity>
84    </application>
85
86</manifest>